<?xml version="1.0" encoding="UTF-8"?>
<!-- Generated by org.testng.reporters.JUnitXMLReporter -->
<testsuite ignored="0" hostname="LAPTOP-Q8GFA9DS" failures="0" tests="1" name="Test-Runner-1" time="30.094" errors="0" timestamp="2023-04-03T00:29:21 IST">
  <testcase classname="vtiger.Contact.Tests.CreateContactWithOrganizationTest" name="createContactWithOrgTest" time="19.414"/>
</testsuite> <!-- Test-Runner-1 -->
