<?xml version="1.0" encoding="UTF-8"?>
<!-- Generated by org.testng.reporters.JUnitXMLReporter -->
<testsuite ignored="0" hostname="LAPTOP-Q8GFA9DS" failures="0" tests="2" name="Test-Runner-2" time="27.402" errors="0" timestamp="2023-04-03T00:29:18 IST">
  <testcase classname="vtiger.Organization.Tests.CreateOrganizationTest" name="craeteOrgTest" time="9.619"/>
  <testcase classname="vtiger.Organization.Tests.CreateOrganizationTest" name="demo" time="0.004"/>
</testsuite> <!-- Test-Runner-2 -->
