<?xml version="1.0" encoding="UTF-8"?>
<!-- Generated by org.testng.reporters.JUnitReportReporter -->
<testsuite hostname="LAPTOP-Q8GFA9DS" failures="0" tests="5" name="vtiger.Practice.DataProviderPractice" time="0.023" errors="0" timestamp="2023-04-01T11:46:26 IST" skipped="0">
  <testcase classname="vtiger.Practice.DataProviderPractice" name="addToCart" time="0.001"/>
  <system-out/>
  <testcase classname="vtiger.Practice.DataProviderPractice" name="addToCart" time="0.012"/>
  <system-out/>
  <testcase classname="vtiger.Practice.DataProviderPractice" name="addToCart" time="0.006"/>
  <system-out/>
  <testcase classname="vtiger.Practice.DataProviderPractice" name="addToCart" time="0.003"/>
  <system-out/>
  <testcase classname="vtiger.Practice.DataProviderPractice" name="addToCart" time="0.001"/>
  <system-out/>
</testsuite> <!-- vtiger.Practice.DataProviderPractice -->
