<?xml version="1.0" encoding="UTF-8"?>
<!-- Generated by org.testng.reporters.JUnitReportReporter -->
<testsuite hostname="LAPTOP-Q8GFA9DS" failures="0" tests="2" name="vtiger.Practice.BaseClassPractice" time="0.014" errors="0" timestamp="2023-04-01T14:19:19 IST" skipped="0">
  <testcase classname="vtiger.Practice.BaseClassPractice" name="test2" time="0.007"/>
  <system-out/>
  <testcase classname="vtiger.Practice.BaseClassPractice" name="test" time="0.007"/>
  <system-out/>
</testsuite> <!-- vtiger.Practice.BaseClassPractice -->
