<?xml version="1.0" encoding="UTF-8"?>
<!-- Generated by org.testng.reporters.JUnitReportReporter -->
<testsuite hostname="LAPTOP-Q8GFA9DS" failures="0" tests="1" name="vtiger.Practice.ReadDataFromcmdLine" time="0.009" errors="0" timestamp="2023-04-11T12:25:08 IST" skipped="0">
  <testcase classname="vtiger.Practice.ReadDataFromcmdLine" name="test" time="0.009"/>
  <system-out/>
</testsuite> <!-- vtiger.Practice.ReadDataFromcmdLine -->
